/home/user1/projects/cron_lab/monitor.sh: 1: !/bin/bash: not found
/home/user1/projects/cron_lab/monitor.sh: 2: 시스템: not found
/home/user1/projects/cron_lab/monitor.sh: 3: 현재: not found
=====2026. 02. 03. (화) 16:52:01 KST=====
/home/user1/projects/cron_lab/monitor.sh: 5: Syntax error: "(" unexpected
/home/user1/projects/cron_lab/monitor.sh: 1: !/bin/bash: not found
/home/user1/projects/cron_lab/monitor.sh: 2: 시스템: not found
/home/user1/projects/cron_lab/monitor.sh: 3: 현재: not found
=====2026. 02. 03. (화) 16:53:01 KST=====
/home/user1/projects/cron_lab/monitor.sh: 5: Syntax error: "(" unexpected
/home/user1/projects/cron_lab/monitor.sh: 1: !/bin/bash: not found
/home/user1/projects/cron_lab/monitor.sh: 2: 시스템: not found
/home/user1/projects/cron_lab/monitor.sh: 3: 현재: not found
=====2026. 02. 03. (화) 16:54:01 KST=====
/home/user1/projects/cron_lab/monitor.sh: 5: Syntax error: "(" unexpected
/home/user1/projects/cron_lab/monitor.sh: 1: !/bin/bash: not found
/home/user1/projects/cron_lab/monitor.sh: 2: 시스템: not found
/home/user1/projects/cron_lab/monitor.sh: 3: 현재: not found
=====2026. 02. 03. (화) 16:55:01 KST=====
/home/user1/projects/cron_lab/monitor.sh: 5: Syntax error: "(" unexpected
/home/user1/projects/cron_lab/monitor.sh: 1: !/bin/bash: not found
/home/user1/projects/cron_lab/monitor.sh: 2: 시스템: not found
/home/user1/projects/cron_lab/monitor.sh: 3: 현재: not found
=====2026. 02. 03. (화) 16:56:01 KST=====
/home/user1/projects/cron_lab/monitor.sh: 5: Syntax error: "(" unexpected
/home/user1/projects/cron_lab/monitor.sh: 1: !/bin/bash: not found
/home/user1/projects/cron_lab/monitor.sh: 2: 시스템: not found
/home/user1/projects/cron_lab/monitor.sh: 3: 현재: not found
=====2026. 02. 03. (화) 16:57:01 KST=====
/home/user1/projects/cron_lab/monitor.sh: 5: Syntax error: "(" unexpected
=====2026. 02. 03. (화) 16:58:01 KST=====
[디스크]
/dev/sda3        20G   12G  6.6G  64% /
[메모리]
Mem:           3.8Gi       1.0Gi       316Mi        37Mi       2.5Gi       2.5Gi

=====2026. 02. 03. (화) 16:59:01 KST=====
[디스크]
/dev/sda3        20G   12G  6.6G  64% /
[메모리]
Mem:           3.8Gi       1.0Gi       316Mi        37Mi       2.5Gi       2.5Gi

=====2026. 02. 03. (화) 17:00:01 KST=====
[디스크]
/dev/sda3        20G   12G  6.6G  64% /
[메모리]
Mem:           3.8Gi       1.0Gi       319Mi        32Mi       2.5Gi       2.5Gi

